<?xml version="1.0" encoding="UTF-8"?>
<!-- Generated by org.testng.reporters.JUnitXMLReporter -->
<testsuite hostname="DESKTOP-REEGCHG" name="GM_Cad_ParkedLocation_AddNote" tests="1" failures="1" timestamp="19 Sep 2016 22:28:07 GMT" time="41.322" errors="0">
  <testcase name="TC_KeyFob_Lock" time="32.238" classname="org.mobile.mobileAssureFramework.TC_ParkedLocation_AddNote">
    <failure type="java.lang.AssertionError" message="Login Page Logo Logo head not Loaded !!!">
      <![CDATA[java.lang.AssertionError: Login Page Logo Logo head not Loaded !!!
	at org.junit.Assert.fail(Assert.java:88)
	at org.junit.Assert.assertTrue(Assert.java:41)
	at org.mobile.mobileAssureFramework.TC_ParkedLocation_AddNote.login(TC_ParkedLocation_AddNote.java:391)
	at org.mobile.mobileAssureFramework.TC_ParkedLocation_AddNote.TC_KeyFob_Lock(TC_ParkedLocation_AddNote.java:51)
	at java.util.concurrent.FutureTask.run(Unknown Source)
	at java.util.concurrent.ThreadPoolExecutor.runWorker(Unknown Source)
	at java.util.concurrent.ThreadPoolExecutor$Worker.run(Unknown Source)
	at java.lang.Thread.run(Unknown Source)
... Removed 16 stack frames]]>
    </failure>
  </testcase> <!-- TC_KeyFob_Lock -->
</testsuite> <!-- GM_Cad_ParkedLocation_AddNote -->
