<?xml version="1.0" encoding="UTF-8"?>
<!-- Generated by org.testng.reporters.JUnitXMLReporter -->
<testsuite hostname="DESKTOP-REEGCHG" name="GM_Cad_WifiHotSpot_ONOFF" tests="1" failures="1" timestamp="19 Sep 2016 22:09:33 GMT" time="42.962" errors="0">
  <testcase name="TC_WifiHotSpot_ONOFF" time="33.373" classname="org.mobile.mobileAssureFramework.TC_WifiHotspot_ONOFF">
    <failure type="java.lang.AssertionError" message="Login Page Logo Logo head not Loaded !!!">
      <![CDATA[java.lang.AssertionError: Login Page Logo Logo head not Loaded !!!
	at org.junit.Assert.fail(Assert.java:88)
	at org.junit.Assert.assertTrue(Assert.java:41)
	at org.mobile.mobileAssureFramework.TC_WifiHotspot_ONOFF.login(TC_WifiHotspot_ONOFF.java:306)
	at org.mobile.mobileAssureFramework.TC_WifiHotspot_ONOFF.TC_WifiHotSpot_ONOFF(TC_WifiHotspot_ONOFF.java:50)
	at java.util.concurrent.FutureTask.run(Unknown Source)
	at java.util.concurrent.ThreadPoolExecutor.runWorker(Unknown Source)
	at java.util.concurrent.ThreadPoolExecutor$Worker.run(Unknown Source)
	at java.lang.Thread.run(Unknown Source)
... Removed 16 stack frames]]>
    </failure>
  </testcase> <!-- TC_WifiHotSpot_ONOFF -->
</testsuite> <!-- GM_Cad_WifiHotSpot_ONOFF -->
