<?xml version="1.0" encoding="UTF-8"?>
<!-- Generated by org.testng.reporters.JUnitXMLReporter -->
<testsuite hostname="DESKTOP-REEGCHG" ignored="0" name="PerfectoReportiumExample" tests="1" failures="0" timestamp="17 Dec 2018 13:45:05 GMT" time="127.154" errors="0">
  <testcase name="@BeforeMethod beforeMethod" time="0.005" classname="org.mobile.engine.BaseClass">
    <failure type="java.lang.NullPointerException">
      <![CDATA[java.lang.NullPointerException
at com.perfecto.reportium.client.PerfectoReportiumClient.testStart(PerfectoReportiumClient.java:53)
at org.mobile.engine.BaseClass.beforeMethod(BaseClass.java:116)
at java.util.concurrent.FutureTask.run(FutureTask.java:266)
at java.util.concurrent.ThreadPoolExecutor.runWorker(ThreadPoolExecutor.java:1142)
at java.util.concurrent.ThreadPoolExecutor$Worker.run(ThreadPoolExecutor.java:617)
at java.lang.Thread.run(Thread.java:745)
... Removed 19 stack frames]]>
    </failure>
  </testcase> <!-- @BeforeMethod beforeMethod -->
  <testcase name="@AfterMethod destroy" time="0.005" classname="org.mobile.engine.BaseClass">
    <failure type="java.lang.NullPointerException">
      <![CDATA[java.lang.NullPointerException
at org.mobile.engine.BaseClass.destroy(BaseClass.java:126)
at java.util.concurrent.FutureTask.run(FutureTask.java:266)
at java.util.concurrent.ThreadPoolExecutor.runWorker(ThreadPoolExecutor.java:1142)
at java.util.concurrent.ThreadPoolExecutor$Worker.run(ThreadPoolExecutor.java:617)
at java.lang.Thread.run(Thread.java:745)
... Removed 19 stack frames]]>
    </failure>
  </testcase> <!-- @AfterMethod destroy -->
  <testcase name="@AfterClass afterClass" time="8.438" classname="org.mobile.engine.BaseClass">
    <failure type="java.lang.NullPointerException">
      <![CDATA[java.lang.NullPointerException
at org.mobile.engine.BaseClass.afterClass(BaseClass.java:182)
at java.util.concurrent.FutureTask.run(FutureTask.java:266)
at java.util.concurrent.ThreadPoolExecutor.runWorker(ThreadPoolExecutor.java:1142)
at java.util.concurrent.ThreadPoolExecutor$Worker.run(ThreadPoolExecutor.java:617)
at java.lang.Thread.run(Thread.java:745)
... Removed 17 stack frames]]>
    </failure>
  </testcase> <!-- @AfterClass afterClass -->
  <testcase name="metLifeSampleTestCase" time="0.0" classname="org.mobile.mobileAssureFramework.metlife">
    <skipped/>
  </testcase> <!-- metLifeSampleTestCase -->
</testsuite> <!-- PerfectoReportiumExample -->
