<?xml version="1.0" encoding="UTF-8"?>
<!-- Generated by org.testng.reporters.JUnitXMLReporter -->
<testsuite hostname="DESKTOP-REEGCHG" name="Sample Test iPHone5_Test1" tests="1" failures="1" timestamp="26 Aug 2016 06:36:46 GMT" time="81.866" errors="0">
  <testcase name="sampleTestCase" time="66.6" classname="org.mobile.tests.demoTestCase2">
    <failure type="java.lang.AssertionError" message="Peek Lock Door is NOTTT displayed !!!">
      <![CDATA[java.lang.AssertionError: Peek Lock Door is NOTTT displayed !!!
	at org.junit.Assert.fail(Assert.java:88)
	at org.junit.Assert.assertTrue(Assert.java:41)
	at org.mobile.tests.demoTestCase2.sampleTestCase(demoTestCase2.java:58)
	at java.util.concurrent.FutureTask.run(Unknown Source)
	at java.util.concurrent.ThreadPoolExecutor.runWorker(Unknown Source)
	at java.util.concurrent.ThreadPoolExecutor$Worker.run(Unknown Source)
	at java.lang.Thread.run(Unknown Source)
... Removed 16 stack frames]]>
    </failure>
  </testcase> <!-- sampleTestCase -->
</testsuite> <!-- Sample Test iPHone5_Test1 -->
