<?xml version="1.0" encoding="UTF-8"?>
<!-- Generated by org.testng.reporters.JUnitXMLReporter -->
<testsuite hostname="DESKTOP-REEGCHG" name="Sample Test iPhone6_Test1" tests="1" failures="1" timestamp="25 Aug 2016 23:29:33 GMT" time="55.743" errors="0">
  <testcase name="sampleTestCase" time="35.122" classname="org.mobile.tests.demoTestCase">
    <failure type="java.lang.AssertionError" message="Peek Lock Door is NOTTT displayed !!!">
      <![CDATA[java.lang.AssertionError: Peek Lock Door is NOTTT displayed !!!
	at org.junit.Assert.fail(Assert.java:88)
	at org.junit.Assert.assertTrue(Assert.java:41)
	at org.mobile.tests.demoTestCase.sampleTestCase(demoTestCase.java:53)
	at java.util.concurrent.FutureTask.run(Unknown Source)
	at java.util.concurrent.ThreadPoolExecutor.runWorker(Unknown Source)
	at java.util.concurrent.ThreadPoolExecutor$Worker.run(Unknown Source)
	at java.lang.Thread.run(Unknown Source)
... Removed 16 stack frames]]>
    </failure>
  </testcase> <!-- sampleTestCase -->
</testsuite> <!-- Sample Test iPhone6_Test1 -->
