<?xml version="1.0" encoding="UTF-8"?>
<testng-results skipped="0" failed="0" ignored="0" total="1" passed="1">
  <reporter-output>
    <line>
      <![CDATA[<div style="display:block;margin-left:10px;"></div>]]>
    </line>
    <line>
      <![CDATA[<div style="display:block;margin-left:10px;"></div>]]>
    </line>
    <line>
      <![CDATA[<div style="display:block;margin-left:10px;"></div>]]>
    </line>
    <line>
      <![CDATA[<div style="display:block;margin-left:10px;"></div>]]>
    </line>
    <line>
      <![CDATA[<div style="display:block;margin-left:10px;"></div>]]>
    </line>
  </reporter-output>
  <suite name="testList" duration-ms="119730" started-at="2018-06-19T06:00:18Z" finished-at="2018-06-19T06:02:18Z">
    <groups>
    </groups>
    <test name="PerfectoReportiumExample" duration-ms="119730" started-at="2018-06-19T06:00:18Z" finished-at="2018-06-19T06:02:18Z">
      <class name="org.mobile.mobileAssureFramework.RBCSampleTest">
        <test-method status="PASS" signature="setUp(org.testng.ITestContext)[pri:0, instance:org.mobile.mobileAssureFramework.RBCSampleTest@3a5ecce3]" name="setUp" is-config="true" duration-ms="3361" started-at="2018-06-19T06:00:18Z" finished-at="2018-06-19T06:00:21Z">
          <params>
            <param index="0">
              <value>
                <![CDATA[org.testng.TestRunner@3ff008d2]]>
              </value>
            </param>
          </params>
          <reporter-output>
            <line>
              <![CDATA[<div style="display:block;margin-left:10px;"></div>]]>
            </line>
          </reporter-output>
        </test-method> <!-- setUp -->
        <test-method status="PASS" signature="beforeMethod(org.testng.ITestContext)[pri:0, instance:org.mobile.mobileAssureFramework.RBCSampleTest@3a5ecce3]" name="beforeMethod" is-config="true" duration-ms="93" started-at="2018-06-19T06:00:21Z" finished-at="2018-06-19T06:00:21Z">
          <params>
            <param index="0">
              <value>
                <![CDATA[org.testng.TestRunner@3ff008d2]]>
              </value>
            </param>
          </params>
          <reporter-output>
            <line>
              <![CDATA[<div style="display:block;margin-left:10px;"></div>]]>
            </line>
          </reporter-output>
        </test-method> <!-- beforeMethod -->
        <test-method status="PASS" signature="sampleTestCase2(org.testng.ITestContext)[pri:0, instance:org.mobile.mobileAssureFramework.RBCSampleTest@3a5ecce3]" name="sampleTestCase2" duration-ms="106579" started-at="2018-06-19T06:00:21Z" finished-at="2018-06-19T06:02:08Z">
          <params>
            <param index="0">
              <value>
                <![CDATA[org.testng.TestRunner@3ff008d2]]>
              </value>
            </param>
          </params>
          <reporter-output>
            <line>
              <![CDATA[<div style="display:block;margin-left:10px;"></div>]]>
            </line>
          </reporter-output>
        </test-method> <!-- sampleTestCase2 -->
        <test-method status="PASS" signature="destroy(org.testng.ITestContext, org.testng.ITestResult)[pri:0, instance:org.mobile.mobileAssureFramework.RBCSampleTest@3a5ecce3]" name="destroy" is-config="true" duration-ms="312" started-at="2018-06-19T06:02:08Z" finished-at="2018-06-19T06:02:09Z">
          <params>
            <param index="0">
              <value>
                <![CDATA[org.testng.TestRunner@3ff008d2]]>
              </value>
            </param>
            <param index="1">
              <value>
                <![CDATA[[TestResult name=sampleTestCase2 status=SUCCESS method=RBCSampleTest.sampleTestCase2(org.testng.ITestContext)[pri:0, instance:org.mobile.mobileAssureFramework.RBCSampleTest@3a5ecce3] output=<div style="display:block;margin-left:10px;"></div>]]]>
              </value>
            </param>
          </params>
          <reporter-output>
            <line>
              <![CDATA[<div style="display:block;margin-left:10px;"></div>]]>
            </line>
          </reporter-output>
        </test-method> <!-- destroy -->
        <test-method status="PASS" signature="afterClass()[pri:0, instance:org.mobile.mobileAssureFramework.RBCSampleTest@3a5ecce3]" name="afterClass" is-config="true" duration-ms="8955" started-at="2018-06-19T06:02:09Z" finished-at="2018-06-19T06:02:18Z">
          <reporter-output>
            <line>
              <![CDATA[<div style="display:block;margin-left:10px;"></div>]]>
            </line>
          </reporter-output>
        </test-method> <!-- afterClass -->
      </class> <!-- org.mobile.mobileAssureFramework.RBCSampleTest -->
    </test> <!-- PerfectoReportiumExample -->
  </suite> <!-- testList -->
</testng-results>
